[2026-04-19 16:23:00,183] INFO api: Chat query [en]: What fertilizer should I use?
[2026-04-19 16:23:00,183] INFO api: Chat response category: fertilizer
[2026-04-19 16:23:03,512] INFO api: User registered: farmer@test.com
[2026-04-19 16:23:11,598] INFO api: User logged in: farmer@test.com
[2026-04-19 16:24:31,141] INFO api: User logged in: farmer@test.com
[2026-04-19 16:31:08,142] INFO api: Starting scan for image: Screenshot 2026-04-19 162949.png
[2026-04-19 16:31:08,143] INFO api: Analyzing image: Screenshot 2026-04-19 162949.png
[2026-04-19 16:31:08,143] INFO api: Analysis complete: Powdery Mildew (91.1%)
[2026-04-19 16:31:08,162] INFO api: Scan saved: ID=1, Disease=Powdery Mildew
[2026-04-19 18:04:41,967] INFO api: API Request: GET /
[2026-04-19 18:04:42,012] ERROR api: API Error: GET / - Status: 404 - Duration: 0.04s
[2026-04-21 11:33:38,611] INFO api: API Request: POST /api/v1/auth/login/
[2026-04-21 11:33:38,613] ERROR api: API Error: POST /api/v1/auth/login/ - Status: 400 - Duration: 0.00s
[2026-04-21 11:33:56,744] INFO api: API Request: POST /api/v1/auth/login/
[2026-04-21 11:33:57,668] ERROR api: API Error: POST /api/v1/auth/login/ - Status: 401 - Duration: 0.92s
[2026-04-21 11:38:02,430] INFO api: API Request: POST /api/v1/auth/register/
[2026-04-21 11:38:03,357] INFO api: User registered: hemantsonker4@gmail.com
[2026-04-21 11:38:03,358] INFO api: API Response: POST /api/v1/auth/register/ - Status: 201 - Duration: 0.93s
[2026-04-21 11:38:03,534] INFO api: API Request: GET /api/v1/scan/stats/
[2026-04-21 11:38:03,801] INFO api: API Response: GET /api/v1/scan/stats/ - Status: 200 - Duration: 0.27s
[2026-04-21 11:38:03,808] INFO api: API Request: GET /api/v1/scan/stats/
[2026-04-21 11:38:03,815] INFO api: API Request: GET /api/v1/scan/history/?limit=5
[2026-04-21 11:38:04,000] INFO api: API Response: GET /api/v1/scan/stats/ - Status: 200 - Duration: 0.19s
[2026-04-21 11:38:04,169] INFO api: API Response: GET /api/v1/scan/history/?limit=5 - Status: 200 - Duration: 0.35s
[2026-04-21 11:38:04,178] INFO api: API Request: GET /api/v1/scan/history/?limit=5
[2026-04-21 11:38:04,183] INFO api: API Request: GET /api/v1/weather/?city=Lucknow
[2026-04-21 11:38:04,350] INFO api: API Response: GET /api/v1/scan/history/?limit=5 - Status: 200 - Duration: 0.17s
[2026-04-21 11:38:04,461] INFO api: API Response: GET /api/v1/weather/?city=Lucknow - Status: 200 - Duration: 0.28s
[2026-04-21 11:38:04,468] INFO api: API Request: GET /api/v1/weather/?city=Lucknow
[2026-04-21 11:38:04,626] INFO api: API Response: GET /api/v1/weather/?city=Lucknow - Status: 200 - Duration: 0.16s
[2026-04-21 11:38:33,832] INFO api: API Request: GET /api/v1/scan/stats/
[2026-04-21 11:38:34,024] INFO api: API Response: GET /api/v1/scan/stats/ - Status: 200 - Duration: 0.19s
[2026-04-21 11:38:34,031] INFO api: API Request: GET /api/v1/scan/stats/
[2026-04-21 11:38:34,036] INFO api: API Request: GET /api/v1/scan/history/?limit=5
[2026-04-21 11:38:34,204] INFO api: API Response: GET /api/v1/scan/stats/ - Status: 200 - Duration: 0.17s
[2026-04-21 11:38:34,307] INFO api: API Response: GET /api/v1/scan/history/?limit=5 - Status: 200 - Duration: 0.27s
[2026-04-21 11:38:34,314] INFO api: API Request: GET /api/v1/scan/history/?limit=5
[2026-04-21 11:38:34,321] INFO api: API Request: GET /api/v1/weather/?city=Lucknow
[2026-04-21 11:38:34,481] INFO api: API Response: GET /api/v1/scan/history/?limit=5 - Status: 200 - Duration: 0.17s
[2026-04-21 11:38:34,589] INFO api: API Response: GET /api/v1/weather/?city=Lucknow - Status: 200 - Duration: 0.27s
[2026-04-21 11:38:34,596] INFO api: API Request: GET /api/v1/weather/?city=Lucknow
[2026-04-21 11:38:34,756] INFO api: API Response: GET /api/v1/weather/?city=Lucknow - Status: 200 - Duration: 0.16s
[2026-04-21 11:38:38,334] INFO api: API Request: GET /api/v1/scan/history/?limit=1
[2026-04-21 11:38:38,524] INFO api: API Response: GET /api/v1/scan/history/?limit=1 - Status: 200 - Duration: 0.19s
[2026-04-21 11:38:38,531] INFO api: API Request: GET /api/v1/scan/history/?limit=1
[2026-04-21 11:38:38,698] INFO api: API Response: GET /api/v1/scan/history/?limit=1 - Status: 200 - Duration: 0.17s
[2026-04-21 11:39:09,771] INFO api: API Request: GET /api/v1/scan/stats/
[2026-04-21 11:39:09,948] INFO api: API Response: GET /api/v1/scan/stats/ - Status: 200 - Duration: 0.18s
[2026-04-21 11:39:09,955] INFO api: API Request: GET /api/v1/scan/stats/
[2026-04-21 11:39:09,964] INFO api: API Request: GET /api/v1/scan/history/?limit=5
[2026-04-21 11:39:10,120] INFO api: API Response: GET /api/v1/scan/stats/ - Status: 200 - Duration: 0.16s
[2026-04-21 11:39:10,228] INFO api: API Response: GET /api/v1/scan/history/?limit=5 - Status: 200 - Duration: 0.26s
[2026-04-21 11:39:10,236] INFO api: API Request: GET /api/v1/scan/history/?limit=5
[2026-04-21 11:39:10,240] INFO api: API Request: GET /api/v1/weather/?city=Lucknow
[2026-04-21 11:39:10,404] INFO api: API Response: GET /api/v1/scan/history/?limit=5 - Status: 200 - Duration: 0.17s
[2026-04-21 11:39:10,513] INFO api: API Response: GET /api/v1/weather/?city=Lucknow - Status: 200 - Duration: 0.27s
[2026-04-21 11:39:10,521] INFO api: API Request: GET /api/v1/weather/?city=Lucknow
[2026-04-21 11:39:10,705] INFO api: API Response: GET /api/v1/weather/?city=Lucknow - Status: 200 - Duration: 0.18s
[2026-04-21 11:39:51,919] INFO api: API Request: GET /api/v1/scan/stats/
[2026-04-21 11:39:52,097] INFO api: API Response: GET /api/v1/scan/stats/ - Status: 200 - Duration: 0.18s
[2026-04-21 11:39:52,104] INFO api: API Request: GET /api/v1/scan/stats/
[2026-04-21 11:39:52,144] INFO api: API Request: GET /api/v1/scan/history/?limit=5
[2026-04-21 11:39:52,272] INFO api: API Response: GET /api/v1/scan/stats/ - Status: 200 - Duration: 0.17s
[2026-04-21 11:39:52,374] INFO api: API Response: GET /api/v1/scan/history/?limit=5 - Status: 200 - Duration: 0.23s
[2026-04-21 11:39:52,381] INFO api: API Request: GET /api/v1/scan/history/?limit=5
[2026-04-21 11:39:52,385] INFO api: API Request: GET /api/v1/weather/?city=Lucknow
[2026-04-21 11:39:52,548] INFO api: API Response: GET /api/v1/scan/history/?limit=5 - Status: 200 - Duration: 0.17s
[2026-04-21 11:39:52,648] INFO api: API Response: GET /api/v1/weather/?city=Lucknow - Status: 200 - Duration: 0.26s
[2026-04-21 11:39:52,655] INFO api: API Request: GET /api/v1/weather/?city=Lucknow
[2026-04-21 11:39:52,818] INFO api: API Response: GET /api/v1/weather/?city=Lucknow - Status: 200 - Duration: 0.16s
[2026-04-21 11:41:11,739] INFO api: API Request: GET /api/products/
[2026-04-21 11:41:11,739] INFO api: API Request: GET /api/categories/
[2026-04-21 11:41:11,769] ERROR api: API Error: GET /api/categories/ - Status: 404 - Duration: 0.03s
[2026-04-21 11:41:11,771] ERROR api: API Error: GET /api/products/ - Status: 404 - Duration: 0.03s
[2026-04-21 11:41:11,774] INFO api: API Request: GET /api/categories/
[2026-04-21 11:41:11,775] INFO api: API Request: GET /api/products/
[2026-04-21 11:41:11,788] ERROR api: API Error: GET /api/categories/ - Status: 404 - Duration: 0.01s
[2026-04-21 11:41:11,790] ERROR api: API Error: GET /api/products/ - Status: 404 - Duration: 0.02s
[2026-04-21 11:41:42,025] INFO api: API Request: POST /api/chatbot/
[2026-04-21 11:41:42,031] ERROR api: API Error: POST /api/chatbot/ - Status: 404 - Duration: 0.01s
[2026-04-21 11:44:05,172] INFO api: API Request: GET /api/products/
[2026-04-21 11:44:05,180] ERROR api: API Error: GET /api/products/ - Status: 404 - Duration: 0.01s
[2026-04-21 11:44:05,184] INFO api: API Request: GET /api/categories/
[2026-04-21 11:44:05,191] ERROR api: API Error: GET /api/categories/ - Status: 404 - Duration: 0.01s
[2026-04-21 11:44:05,195] INFO api: API Request: GET /api/products/
[2026-04-21 11:44:05,200] ERROR api: API Error: GET /api/products/ - Status: 404 - Duration: 0.01s
[2026-04-21 11:44:05,203] INFO api: API Request: GET /api/categories/
[2026-04-21 11:44:05,211] ERROR api: API Error: GET /api/categories/ - Status: 404 - Duration: 0.01s
[2026-04-21 11:44:07,951] INFO api: API Request: GET /api/products/
[2026-04-21 11:44:07,952] INFO api: API Request: GET /api/categories/
[2026-04-21 11:44:07,964] ERROR api: API Error: GET /api/products/ - Status: 404 - Duration: 0.01s
[2026-04-21 11:44:07,966] ERROR api: API Error: GET /api/categories/ - Status: 404 - Duration: 0.01s
[2026-04-21 11:44:07,969] INFO api: API Request: GET /api/products/
[2026-04-21 11:44:07,970] INFO api: API Request: GET /api/categories/
[2026-04-21 11:44:07,983] ERROR api: API Error: GET /api/categories/ - Status: 404 - Duration: 0.01s
[2026-04-21 11:44:07,985] ERROR api: API Error: GET /api/products/ - Status: 404 - Duration: 0.02s
[2026-04-21 11:52:08,887] INFO api: API Request: GET /
[2026-04-21 11:52:08,901] ERROR api: API Error: GET / - Status: 404 - Duration: 0.01s
[2026-04-21 11:52:09,102] INFO api: API Request: GET /favicon.ico
[2026-04-21 11:52:09,113] ERROR api: API Error: GET /favicon.ico - Status: 404 - Duration: 0.01s
[2026-04-21 11:52:37,436] INFO api: API Request: GET /
[2026-04-21 11:52:37,450] ERROR api: API Error: GET / - Status: 404 - Duration: 0.01s
[2026-04-21 11:53:04,750] INFO api: API Request: GET /
[2026-04-21 11:53:04,764] ERROR api: API Error: GET / - Status: 404 - Duration: 0.01s
[2026-04-21 11:55:09,391] INFO api: API Request: GET /
[2026-04-21 11:55:09,403] ERROR api: API Error: GET / - Status: 404 - Duration: 0.01s
[2026-04-21 11:55:09,625] INFO api: API Request: GET /favicon.ico
[2026-04-21 11:55:09,636] ERROR api: API Error: GET /favicon.ico - Status: 404 - Duration: 0.01s
[2026-04-21 11:55:25,501] INFO api: API Request: GET /
[2026-04-21 11:55:25,511] ERROR api: API Error: GET / - Status: 404 - Duration: 0.01s
[2026-04-21 11:57:57,590] INFO api: API Request: GET /
[2026-04-21 11:57:57,604] ERROR api: API Error: GET / - Status: 404 - Duration: 0.01s
[2026-04-21 11:58:09,971] INFO api: API Request: GET /
[2026-04-21 11:58:09,980] ERROR api: API Error: GET / - Status: 404 - Duration: 0.01s
[2026-04-21 11:58:32,633] INFO api: API Request: GET /
[2026-04-21 11:58:32,644] ERROR api: API Error: GET / - Status: 404 - Duration: 0.01s
[2026-04-21 12:03:20,571] INFO api: API Request: GET /
[2026-04-21 12:03:20,580] ERROR api: API Error: GET / - Status: 404 - Duration: 0.01s
[2026-04-21 12:03:57,444] INFO api: API Request: GET /
[2026-04-21 12:03:57,456] ERROR api: API Error: GET / - Status: 404 - Duration: 0.01s
[2026-04-21 12:05:48,902] INFO api: API Request: GET /
[2026-04-21 12:05:48,916] ERROR api: API Error: GET / - Status: 404 - Duration: 0.01s
[2026-04-21 12:07:36,845] INFO api: API Request: GET /
[2026-04-21 12:07:36,856] ERROR api: API Error: GET / - Status: 404 - Duration: 0.01s
[2026-04-21 12:42:30,273] INFO api: API Request: GET /
[2026-04-21 12:42:30,287] ERROR api: API Error: GET / - Status: 404 - Duration: 0.01s
[2026-04-21 12:42:30,471] INFO api: API Request: GET /favicon.ico
[2026-04-21 12:42:30,480] ERROR api: API Error: GET /favicon.ico - Status: 404 - Duration: 0.01s
[2026-04-21 12:45:48,667] INFO api: API Request: POST /api/v1/auth/login/
[2026-04-21 12:45:49,798] ERROR api: API Error: POST /api/v1/auth/login/ - Status: 401 - Duration: 1.13s
[2026-04-21 12:46:06,759] INFO api: API Request: POST /api/v1/auth/register/
[2026-04-21 12:46:06,978] ERROR api: API Error: POST /api/v1/auth/register/ - Status: 400 - Duration: 0.22s
[2026-04-21 12:46:26,378] INFO api: API Request: GET /
[2026-04-21 12:46:26,390] ERROR api: API Error: GET / - Status: 404 - Duration: 0.01s
[2026-04-21 12:46:30,322] INFO api: API Request: GET /
[2026-04-21 12:46:30,334] ERROR api: API Error: GET / - Status: 404 - Duration: 0.01s
[2026-04-21 13:18:05,173] INFO api: API Request: POST /api/v1/auth/register/
[2026-04-21 13:18:05,404] ERROR api: API Error: POST /api/v1/auth/register/ - Status: 400 - Duration: 0.23s
[2026-04-21 13:18:06,399] INFO api: API Request: POST /api/v1/auth/register/
[2026-04-21 13:18:06,520] ERROR api: API Error: POST /api/v1/auth/register/ - Status: 400 - Duration: 0.12s
[2026-04-21 13:25:12,754] INFO api: API Request: GET /
[2026-04-21 13:25:12,760] ERROR api: API Error: GET / - Status: 404 - Duration: 0.01s
[2026-04-21 14:15:26,783] INFO api: API Request: GET /
[2026-04-21 14:15:26,789] ERROR api: API Error: GET / - Status: 404 - Duration: 0.01s
[2026-04-21 14:48:03,668] INFO api: API Request: GET /
[2026-04-21 14:48:03,678] ERROR api: API Error: GET / - Status: 404 - Duration: 0.01s
[2026-04-21 14:52:08,959] INFO api: API Request: GET /
[2026-04-21 14:52:08,969] ERROR api: API Error: GET / - Status: 404 - Duration: 0.01s
[2026-04-21 14:52:09,177] INFO api: API Request: GET /favicon.ico
[2026-04-21 14:52:09,186] ERROR api: API Error: GET /favicon.ico - Status: 404 - Duration: 0.01s
[2026-04-21 15:34:19,083] INFO api: API Request: POST /api/v1/auth/register/
[2026-04-21 15:34:19,091] ERROR api: API Error: POST /api/v1/auth/register/ - Status: 401 - Duration: 0.01s
[2026-04-21 15:34:37,773] INFO api: API Request: POST /api/v1/auth/login/
[2026-04-21 15:34:38,581] ERROR api: API Error: POST /api/v1/auth/login/ - Status: 401 - Duration: 0.81s
[2026-04-21 15:35:03,987] INFO api: API Request: POST /api/v1/auth/register/
[2026-04-21 15:35:04,794] INFO api: User registered: testing@gmail.com
[2026-04-21 15:35:04,794] INFO api: API Response: POST /api/v1/auth/register/ - Status: 201 - Duration: 0.81s
[2026-04-21 15:35:04,962] INFO api: API Request: GET /api/v1/scan/stats/
[2026-04-21 15:35:05,154] INFO api: API Response: GET /api/v1/scan/stats/ - Status: 200 - Duration: 0.19s
[2026-04-21 15:35:05,163] INFO api: API Request: GET /api/v1/scan/stats/
[2026-04-21 15:35:05,169] INFO api: API Request: GET /api/v1/scan/history/?limit=5
[2026-04-21 15:35:05,349] INFO api: API Response: GET /api/v1/scan/stats/ - Status: 200 - Duration: 0.19s
[2026-04-21 15:35:05,462] INFO api: API Response: GET /api/v1/scan/history/?limit=5 - Status: 200 - Duration: 0.29s
[2026-04-21 15:35:05,470] INFO api: API Request: GET /api/v1/scan/history/?limit=5
[2026-04-21 15:35:05,477] INFO api: API Request: GET /api/v1/weather/?city=Lucknow
[2026-04-21 15:35:05,648] INFO api: API Response: GET /api/v1/scan/history/?limit=5 - Status: 200 - Duration: 0.18s
[2026-04-21 15:35:05,776] INFO api: API Response: GET /api/v1/weather/?city=Lucknow - Status: 200 - Duration: 0.30s
[2026-04-21 15:35:05,784] INFO api: API Request: GET /api/v1/weather/?city=Lucknow
[2026-04-21 15:35:05,949] INFO api: API Response: GET /api/v1/weather/?city=Lucknow - Status: 200 - Duration: 0.17s
[2026-04-21 15:36:59,665] INFO api: API Request: GET /api/v1/scan/history/?limit=1
[2026-04-21 15:36:59,837] INFO api: API Response: GET /api/v1/scan/history/?limit=1 - Status: 200 - Duration: 0.17s
[2026-04-21 15:36:59,843] INFO api: API Request: GET /api/v1/scan/history/?limit=1
[2026-04-21 15:37:00,010] INFO api: API Response: GET /api/v1/scan/history/?limit=1 - Status: 200 - Duration: 0.17s
[2026-04-22 17:26:37,338] INFO api: API Request: HEAD /api/v1/health-check/
[2026-04-22 17:26:37,339] ERROR api: API Error: HEAD /api/v1/health-check/ - Status: 405 - Duration: 0.00s
[2026-04-22 17:26:37,341] INFO api: API Request: GET /api/v1/health-check/
[2026-04-22 17:26:37,565] INFO api: API Response: GET /api/v1/health-check/ - Status: 200 - Duration: 0.22s
[2026-04-22 17:28:21,429] INFO api: API Request: POST /api/v1/auth/login/
[2026-04-22 17:28:22,242] ERROR api: API Error: POST /api/v1/auth/login/ - Status: 401 - Duration: 0.81s
[2026-04-22 17:28:44,997] INFO api: API Request: POST /api/v1/auth/register/
[2026-04-22 17:28:45,954] INFO api: User registered: test@test.com
[2026-04-22 17:28:45,954] INFO api: API Response: POST /api/v1/auth/register/ - Status: 201 - Duration: 0.96s
[2026-04-22 17:28:46,160] INFO api: API Request: GET /api/v1/scan/stats/
[2026-04-22 17:28:46,442] INFO api: API Response: GET /api/v1/scan/stats/ - Status: 200 - Duration: 0.28s
[2026-04-22 17:28:46,449] INFO api: API Request: GET /api/v1/scan/stats/
[2026-04-22 17:28:46,477] INFO api: API Request: GET /api/v1/scan/history/?limit=5
[2026-04-22 17:28:46,638] INFO api: API Response: GET /api/v1/scan/stats/ - Status: 200 - Duration: 0.19s
[2026-04-22 17:28:46,745] INFO api: API Response: GET /api/v1/scan/history/?limit=5 - Status: 200 - Duration: 0.27s
[2026-04-22 17:28:46,753] INFO api: API Request: GET /api/v1/scan/history/?limit=5
[2026-04-22 17:28:46,767] INFO api: API Request: GET /api/v1/weather/?city=Lucknow
[2026-04-22 17:28:46,931] INFO api: API Response: GET /api/v1/scan/history/?limit=5 - Status: 200 - Duration: 0.18s
[2026-04-22 17:28:47,038] INFO api: API Response: GET /api/v1/weather/?city=Lucknow - Status: 200 - Duration: 0.27s
[2026-04-22 17:28:47,045] INFO api: API Request: GET /api/v1/weather/?city=Lucknow
[2026-04-22 17:28:47,321] INFO api: API Response: GET /api/v1/weather/?city=Lucknow - Status: 200 - Duration: 0.28s
[2026-04-22 17:29:09,979] INFO api: API Request: POST /api/v1/scan/
[2026-04-22 17:29:10,322] INFO api: Starting scan for image: Screenshot 2026-04-19 162949.png by user: test@test.com
[2026-04-22 17:29:10,323] INFO api: AgroAI: Models loading... (Simulated for now)
[2026-04-22 17:29:10,429] INFO api: Scan saved: ID=2, Disease=Leaf Blight (Early), DB_Verified=True
[2026-04-22 17:29:10,433] INFO api: API Response: POST /api/v1/scan/ - Status: 201 - Duration: 0.45s
[2026-04-22 17:29:10,793] INFO api: API Request: GET /media/scans/2026/04/22/Screenshot_2026-04-19_162949.png
[2026-04-22 17:29:10,900] INFO api: API Response: GET /media/scans/2026/04/22/Screenshot_2026-04-19_162949.png - Status: 200 - Duration: 0.11s
[2026-04-22 17:29:24,401] INFO api: API Request: GET /api/v1/scan/stats/
[2026-04-22 17:29:24,636] INFO api: API Response: GET /api/v1/scan/stats/ - Status: 200 - Duration: 0.23s
[2026-04-22 17:29:24,647] INFO api: API Request: GET /api/v1/scan/stats/
[2026-04-22 17:29:24,651] INFO api: API Request: GET /api/v1/scan/history/?limit=5
[2026-04-22 17:29:24,861] INFO api: API Response: GET /api/v1/scan/stats/ - Status: 200 - Duration: 0.21s
[2026-04-22 17:29:24,976] INFO api: API Response: GET /api/v1/scan/history/?limit=5 - Status: 200 - Duration: 0.32s
[2026-04-22 17:29:24,986] INFO api: API Request: GET /api/v1/scan/history/?limit=5
[2026-04-22 17:29:25,000] INFO api: API Request: GET /api/v1/weather/?city=Lucknow
[2026-04-22 17:29:25,183] INFO api: API Response: GET /api/v1/scan/history/?limit=5 - Status: 200 - Duration: 0.20s
[2026-04-22 17:29:25,289] INFO api: API Response: GET /api/v1/weather/?city=Lucknow - Status: 200 - Duration: 0.29s
[2026-04-22 17:29:25,296] INFO api: API Request: GET /api/v1/weather/?city=Lucknow
[2026-04-22 17:29:25,459] INFO api: API Response: GET /api/v1/weather/?city=Lucknow - Status: 200 - Duration: 0.16s
[2026-04-22 17:29:34,956] INFO api: API Request: GET /api/v1/scan/stats/
[2026-04-22 17:29:35,147] INFO api: API Response: GET /api/v1/scan/stats/ - Status: 200 - Duration: 0.19s
[2026-04-22 17:29:35,155] INFO api: API Request: GET /api/v1/scan/stats/
[2026-04-22 17:29:35,164] INFO api: API Request: GET /api/v1/scan/history/?limit=5
[2026-04-22 17:29:35,346] INFO api: API Response: GET /api/v1/scan/stats/ - Status: 200 - Duration: 0.19s
[2026-04-22 17:29:35,557] INFO api: API Response: GET /api/v1/scan/history/?limit=5 - Status: 200 - Duration: 0.39s
[2026-04-22 17:29:35,566] INFO api: API Request: GET /api/v1/scan/history/?limit=5
[2026-04-22 17:29:35,578] INFO api: API Request: GET /api/v1/weather/?city=Lucknow
[2026-04-22 17:29:35,737] INFO api: API Response: GET /api/v1/scan/history/?limit=5 - Status: 200 - Duration: 0.17s
[2026-04-22 17:29:35,854] INFO api: API Response: GET /api/v1/weather/?city=Lucknow - Status: 200 - Duration: 0.28s
[2026-04-22 17:29:35,861] INFO api: API Request: GET /api/v1/weather/?city=Lucknow
[2026-04-22 17:29:36,024] INFO api: API Response: GET /api/v1/weather/?city=Lucknow - Status: 200 - Duration: 0.16s
[2026-04-22 17:29:36,500] INFO api: API Request: GET /api/v1/chat/history/?session_id=&limit=30
[2026-04-22 17:29:36,784] INFO api: API Response: GET /api/v1/chat/history/?session_id=&limit=30 - Status: 200 - Duration: 0.28s
[2026-04-22 17:29:36,790] INFO api: API Request: GET /api/v1/chat/history/?session_id=&limit=30
[2026-04-22 17:29:36,959] INFO api: API Response: GET /api/v1/chat/history/?session_id=&limit=30 - Status: 200 - Duration: 0.17s
[2026-04-22 17:29:40,608] INFO api: API Request: POST /api/v1/chat/
[2026-04-22 17:29:40,788] ERROR api: API Error: POST /api/v1/chat/ - Status: 400 - Duration: 0.18s
[2026-04-22 17:29:45,949] INFO api: API Request: GET /api/v1/scan/stats/
[2026-04-22 17:29:46,149] INFO api: API Response: GET /api/v1/scan/stats/ - Status: 200 - Duration: 0.20s
[2026-04-22 17:29:46,157] INFO api: API Request: GET /api/v1/scan/stats/
[2026-04-22 17:29:46,165] INFO api: API Request: GET /api/v1/scan/history/?limit=5
[2026-04-22 17:29:46,350] INFO api: API Response: GET /api/v1/scan/stats/ - Status: 200 - Duration: 0.19s
[2026-04-22 17:29:46,468] INFO api: API Response: GET /api/v1/scan/history/?limit=5 - Status: 200 - Duration: 0.30s
[2026-04-22 17:29:46,477] INFO api: API Request: GET /api/v1/scan/history/?limit=5
[2026-04-22 17:29:46,484] INFO api: API Request: GET /api/v1/weather/?city=Lucknow
[2026-04-22 17:29:46,654] INFO api: API Response: GET /api/v1/scan/history/?limit=5 - Status: 200 - Duration: 0.18s
[2026-04-22 17:29:46,764] INFO api: API Response: GET /api/v1/weather/?city=Lucknow - Status: 200 - Duration: 0.28s
[2026-04-22 17:29:46,773] INFO api: API Request: GET /api/v1/weather/?city=Lucknow
[2026-04-22 17:29:46,956] INFO api: API Response: GET /api/v1/weather/?city=Lucknow - Status: 200 - Duration: 0.18s
[2026-04-22 17:59:42,550] INFO api: API Request: GET /api/v1/scan/history/?limit=1
[2026-04-22 17:59:42,724] INFO api: API Response: GET /api/v1/scan/history/?limit=1 - Status: 200 - Duration: 0.17s
[2026-04-22 17:59:42,733] INFO api: API Request: GET /api/v1/scan/history/?limit=1
[2026-04-22 17:59:42,901] INFO api: API Response: GET /api/v1/scan/history/?limit=1 - Status: 200 - Duration: 0.17s
[2026-04-22 17:59:43,062] INFO api: API Request: GET /media/scans/2026/04/22/Screenshot_2026-04-19_162949.png
[2026-04-22 17:59:43,063] INFO api: API Response: GET /media/scans/2026/04/22/Screenshot_2026-04-19_162949.png - Status: 304 - Duration: 0.00s
[2026-04-22 18:00:07,194] INFO api: API Request: GET /api/v1/scan/stats/
[2026-04-22 18:00:07,416] INFO api: API Response: GET /api/v1/scan/stats/ - Status: 200 - Duration: 0.22s
[2026-04-22 18:00:07,474] INFO api: API Request: GET /api/v1/scan/stats/
[2026-04-22 18:00:07,477] INFO api: API Request: GET /api/v1/scan/history/?limit=5
[2026-04-22 18:00:07,649] INFO api: API Response: GET /api/v1/scan/stats/ - Status: 200 - Duration: 0.18s
[2026-04-22 18:00:07,760] INFO api: API Response: GET /api/v1/scan/history/?limit=5 - Status: 200 - Duration: 0.28s
[2026-04-22 18:00:07,768] INFO api: API Request: GET /api/v1/scan/history/?limit=5
[2026-04-22 18:00:07,772] INFO api: API Request: GET /api/v1/weather/?city=Lucknow
[2026-04-22 18:00:07,939] INFO api: API Response: GET /api/v1/scan/history/?limit=5 - Status: 200 - Duration: 0.17s
[2026-04-22 18:00:08,045] INFO api: API Response: GET /api/v1/weather/?city=Lucknow - Status: 200 - Duration: 0.27s
[2026-04-22 18:00:08,052] INFO api: API Request: GET /api/v1/weather/?city=Lucknow
[2026-04-22 18:00:08,227] INFO api: API Response: GET /api/v1/weather/?city=Lucknow - Status: 200 - Duration: 0.17s
[2026-04-22 18:00:24,825] INFO api: API Request: GET /api/v1/scan/history/?limit=1
[2026-04-22 18:00:25,010] INFO api: API Response: GET /api/v1/scan/history/?limit=1 - Status: 200 - Duration: 0.18s
[2026-04-22 18:00:25,020] INFO api: API Request: GET /api/v1/scan/history/?limit=1
[2026-04-22 18:00:25,024] INFO api: API Request: GET /api/v1/db/fertilizers/?type=&crop=
[2026-04-22 18:00:25,192] INFO api: API Response: GET /api/v1/scan/history/?limit=1 - Status: 200 - Duration: 0.17s
[2026-04-22 18:00:25,398] INFO api: API Response: GET /api/v1/db/fertilizers/?type=&crop= - Status: 200 - Duration: 0.37s
[2026-04-22 18:00:25,404] INFO api: API Request: GET /api/v1/db/fertilizers/?type=&crop=
[2026-04-22 18:00:25,566] INFO api: API Response: GET /api/v1/db/fertilizers/?type=&crop= - Status: 200 - Duration: 0.16s
[2026-04-22 18:00:47,081] INFO api: API Request: GET /api/v1/scan/history/?limit=1
[2026-04-22 18:00:47,261] INFO api: API Response: GET /api/v1/scan/history/?limit=1 - Status: 200 - Duration: 0.18s
[2026-04-22 18:00:47,272] INFO api: API Request: GET /api/v1/scan/history/?limit=1
[2026-04-22 18:00:47,276] INFO api: API Request: GET /api/v1/db/fertilizers/?type=&crop=
[2026-04-22 18:00:47,450] INFO api: API Response: GET /api/v1/scan/history/?limit=1 - Status: 200 - Duration: 0.18s
[2026-04-22 18:00:47,553] INFO api: API Response: GET /api/v1/db/fertilizers/?type=&crop= - Status: 200 - Duration: 0.28s
[2026-04-22 18:00:47,560] INFO api: API Request: GET /api/v1/db/fertilizers/?type=&crop=
[2026-04-22 18:00:47,727] INFO api: API Response: GET /api/v1/db/fertilizers/?type=&crop= - Status: 200 - Duration: 0.17s
[2026-04-22 18:00:49,546] INFO api: API Request: GET /api/v1/db/pests/?crop=&damage=
[2026-04-22 18:00:49,724] INFO api: API Response: GET /api/v1/db/pests/?crop=&damage= - Status: 200 - Duration: 0.18s
[2026-04-22 18:00:49,736] INFO api: API Request: GET /api/v1/db/pests/?crop=&damage=
[2026-04-22 18:00:49,740] INFO api: API Request: GET /api/v1/db/medicines/?type=pesticide&target=
[2026-04-22 18:00:49,950] INFO api: API Response: GET /api/v1/db/pests/?crop=&damage= - Status: 200 - Duration: 0.21s
[2026-04-22 18:00:50,057] INFO api: API Response: GET /api/v1/db/medicines/?type=pesticide&target= - Status: 200 - Duration: 0.32s
[2026-04-22 18:00:50,064] INFO api: API Request: GET /api/v1/db/medicines/?type=pesticide&target=
[2026-04-22 18:00:50,253] INFO api: API Response: GET /api/v1/db/medicines/?type=pesticide&target= - Status: 200 - Duration: 0.19s
[2026-04-22 18:01:01,482] INFO api: API Request: GET /api/v1/db/pests/?crop=aphids&damage=
[2026-04-22 18:01:01,660] INFO api: API Response: GET /api/v1/db/pests/?crop=aphids&damage= - Status: 200 - Duration: 0.18s
[2026-04-22 18:01:01,672] INFO api: API Request: GET /api/v1/db/medicines/?type=pesticide&target=
[2026-04-22 18:01:01,849] INFO api: API Response: GET /api/v1/db/medicines/?type=pesticide&target= - Status: 200 - Duration: 0.18s
[2026-04-22 18:01:19,953] INFO api: API Request: GET /api/v1/scan/stats/
[2026-04-22 18:01:20,139] INFO api: API Response: GET /api/v1/scan/stats/ - Status: 200 - Duration: 0.19s
[2026-04-22 18:01:20,147] INFO api: API Request: GET /api/v1/scan/stats/
[2026-04-22 18:01:20,168] INFO api: API Request: GET /api/v1/scan/history/?limit=5
[2026-04-22 18:01:20,330] INFO api: API Response: GET /api/v1/scan/stats/ - Status: 200 - Duration: 0.18s
[2026-04-22 18:01:20,432] INFO api: API Response: GET /api/v1/scan/history/?limit=5 - Status: 200 - Duration: 0.26s
[2026-04-22 18:01:20,440] INFO api: API Request: GET /api/v1/scan/history/?limit=5
[2026-04-22 18:01:20,443] INFO api: API Request: GET /api/v1/weather/?city=Lucknow
[2026-04-22 18:01:20,606] INFO api: API Response: GET /api/v1/scan/history/?limit=5 - Status: 200 - Duration: 0.17s
[2026-04-22 18:01:20,703] INFO api: API Response: GET /api/v1/weather/?city=Lucknow - Status: 200 - Duration: 0.26s
[2026-04-22 18:01:20,710] INFO api: API Request: GET /api/v1/weather/?city=Lucknow
[2026-04-22 18:01:20,873] INFO api: API Response: GET /api/v1/weather/?city=Lucknow - Status: 200 - Duration: 0.16s
[2026-04-22 18:01:23,364] INFO api: API Request: GET /api/v1/db/pests/?crop=&damage=
[2026-04-22 18:01:23,538] INFO api: API Response: GET /api/v1/db/pests/?crop=&damage= - Status: 200 - Duration: 0.17s
[2026-04-22 18:01:23,546] INFO api: API Request: GET /api/v1/db/pests/?crop=&damage=
[2026-04-22 18:01:23,551] INFO api: API Request: GET /api/v1/db/medicines/?type=pesticide&target=
[2026-04-22 18:01:23,712] INFO api: API Response: GET /api/v1/db/pests/?crop=&damage= - Status: 200 - Duration: 0.17s
[2026-04-22 18:01:23,816] INFO api: API Response: GET /api/v1/db/medicines/?type=pesticide&target= - Status: 200 - Duration: 0.27s
[2026-04-22 18:01:23,823] INFO api: API Request: GET /api/v1/db/medicines/?type=pesticide&target=
[2026-04-22 18:01:23,981] INFO api: API Response: GET /api/v1/db/medicines/?type=pesticide&target= - Status: 200 - Duration: 0.16s
[2026-04-22 18:01:24,294] INFO api: API Request: GET /api/v1/scan/history/?limit=1
[2026-04-22 18:01:24,459] INFO api: API Response: GET /api/v1/scan/history/?limit=1 - Status: 200 - Duration: 0.17s
[2026-04-22 18:01:24,468] INFO api: API Request: GET /api/v1/scan/history/?limit=1
[2026-04-22 18:01:24,472] INFO api: API Request: GET /api/v1/db/fertilizers/?type=&crop=
[2026-04-22 18:01:24,636] INFO api: API Response: GET /api/v1/scan/history/?limit=1 - Status: 200 - Duration: 0.17s
[2026-04-22 18:01:24,736] INFO api: API Response: GET /api/v1/db/fertilizers/?type=&crop= - Status: 200 - Duration: 0.26s
[2026-04-22 18:01:24,743] INFO api: API Request: GET /api/v1/db/fertilizers/?type=&crop=
[2026-04-22 18:01:24,907] INFO api: API Response: GET /api/v1/db/fertilizers/?type=&crop= - Status: 200 - Duration: 0.16s
[2026-04-22 23:40:18,740] INFO api: API Request: GET /
[2026-04-22 23:40:18,789] ERROR api: API Error: GET / - Status: 404 - Duration: 0.05s
[2026-04-22 23:40:18,929] INFO api: API Request: GET /favicon.ico
[2026-04-22 23:40:18,939] ERROR api: API Error: GET /favicon.ico - Status: 404 - Duration: 0.01s
